\BOOKMARK [1][-]{section.1}{Design pattern}{}% 1
\BOOKMARK [2][-]{subsection.1.1}{Template pattern \(behaviour\)}{section.1}% 2
\BOOKMARK [2][-]{subsection.1.2}{Singleton pattern \(creational\)}{section.1}% 3
\BOOKMARK [2][-]{subsection.1.3}{Proxy \(structural\)}{section.1}% 4
\BOOKMARK [2][-]{subsection.1.4}{Observer\(behaviour\)}{section.1}% 5
\BOOKMARK [2][-]{subsection.1.5}{Iterator\(\)}{section.1}% 6
\BOOKMARK [2][-]{subsection.1.6}{Factory \(Creational\)}{section.1}% 7
\BOOKMARK [2][-]{subsection.1.7}{Facade \(structural\)}{section.1}% 8
\BOOKMARK [2][-]{subsection.1.8}{Decorator \(strctural\)}{section.1}% 9
\BOOKMARK [2][-]{subsection.1.9}{Data Access Object \(DAO\) Pattern}{section.1}% 10
\BOOKMARK [2][-]{subsection.1.10}{Abstract Factory}{section.1}% 11
\BOOKMARK [1][-]{section.2}{Diagrammi}{}% 12
\BOOKMARK [2][-]{subsection.2.1}{Caso d'uso}{section.2}% 13
\BOOKMARK [2][-]{subsection.2.2}{Class diagram}{section.2}% 14
\BOOKMARK [2][-]{subsection.2.3}{Sequence diagram}{section.2}% 15
\BOOKMARK [2][-]{subsection.2.4}{Activity diagram}{section.2}% 16
\BOOKMARK [2][-]{subsection.2.5}{Analisi vs Progettazione}{section.2}% 17
\BOOKMARK [1][-]{section.3}{Vario}{}% 18
\BOOKMARK [2][-]{subsection.3.1}{Agile Developement}{section.3}% 19
\BOOKMARK [2][-]{subsection.3.2}{Plan-driven development}{section.3}% 20
